[2020-7-11 16:10:00.0003]  [INFO]  false  
[2020-7-11 16:10:00.024]  [INFO]  null  
[2020-7-11 16:10:00.082]  [WARN]  [
    {
        "a": {
            "e": {
                "f": "function (a, b) {\r\n\tvar sum = a + b;\r\n\treturn sum;\r\n}"
            }
        },
        "b": [
            2,
            7,
            [
                1,
                5,
                6
            ]
        ],
        "c": {
            "D": {
                "g": 1,
                "h": {
                    "i": "undefined"
                }
            }
        }
    },
    "function (a, b) {\r\n\tvar sum = a + b;\r\n\treturn sum;\r\n}",
    [
        2,
        7,
        [
            1,
            5,
            6
        ]
    ]
]  
[2020-7-11 16:10:00.087]  [WARN]  {
    "a": {
        "e": {
            "f": "function (a, b) {\r\n\tvar sum = a + b;\r\n\treturn sum;\r\n}"
        }
    },
    "b": [
        2,
        7,
        [
            1,
            5,
            6
        ]
    ],
    "c": {
        "D": {
            "g": 1,
            "h": {
                "i": "undefined"
            }
        }
    }
}  
[2020-7-11 16:10:00.134]  [ERROR]  ""  
[2020-7-11 16:10:00.136]  [ERROR]  "function (a, b) {\r\n\tvar sum = a + b;\r\n\treturn sum;\r\n}"  
[2020-7-11 16:10:00.138]  [INFO]  3  
[2020-7-11 16:10:00.145]  [INFO]  "Symbol(symbol)"  
[2020-7-11 16:10:00.161]  [INFO]  [
    2,
    7,
    [
        1,
        5,
        6
    ]
]  
[2020-7-11 16:10:00.163]  [INFO]  {
    "title": "hello world",
    "year": "2020"
}  
