[2020-7-11 16:10:00.185]  [WARN]  "arr"   [ext] [
    {
        "a": {
            "e": {
                "f": "function (a, b) {\r\n\tvar sum = a + b;\r\n\treturn sum;\r\n}"
            }
        },
        "b": [
            2,
            7,
            [
                1,
                5,
                6
            ]
        ],
        "c": {
            "D": {
                "g": 1,
                "h": {
                    "i": "undefined"
                }
            }
        }
    },
    "function (a, b) {\r\n\tvar sum = a + b;\r\n\treturn sum;\r\n}",
    [
        2,
        7,
        [
            1,
            5,
            6
        ]
    ]
] 
[2020-7-11 16:10:00.187]  [WARN]  "obj"   [ext] {
    "a": {
        "e": {
            "f": "function (a, b) {\r\n\tvar sum = a + b;\r\n\treturn sum;\r\n}"
        }
    },
    "b": [
        2,
        7,
        [
            1,
            5,
            6
        ]
    ],
    "c": {
        "D": {
            "g": 1,
            "h": {
                "i": "undefined"
            }
        }
    }
} 
